A Joint Optimization of Buffer and Splitter Insertion
Running Benchmarks:
['c432', 'c499', 'c880', 'c1355', 'c1908', 'c2670']

Parsed Circuit c432 has gate count 121
Solving Initial Levels with 4375 constraints
No Improvement Found in Iteration 3 at cost 416
Inserting Buffers
Network is Appropriately Balanced
Recovered Inserted Cost:416
Buffers = 343
Splitters = 73
Total Time: 2.9539835453033447 seconds 
Time in phase assignment 0.0854179859161377 
Time in tree construction 2.78224515914917 



Parsed Circuit c499 has gate count 387
Solving Initial Levels with 7709 constraints
No Improvement Found in Iteration 5 at cost 665
Inserting Buffers
Network is Appropriately Balanced
Recovered Inserted Cost:665
Buffers = 412
Splitters = 253
Total Time: 15.81851077079773 seconds 
Time in phase assignment 0.313640832901001 
Time in tree construction 15.23987889289856 



Parsed Circuit c880 has gate count 306
Solving Initial Levels with 6004 constraints
No Improvement Found in Iteration 3 at cost 742
Inserting Buffers
Network is Appropriately Balanced
Recovered Inserted Cost:742
Buffers = 554
Splitters = 188
Total Time: 5.549221754074097 seconds 
Time in phase assignment 0.17148399353027344 
Time in tree construction 5.165671348571777 



Parsed Circuit c1355 has gate count 389
Solving Initial Levels with 7983 constraints
No Improvement Found in Iteration 4 at cost 666
Inserting Buffers
Network is Appropriately Balanced
Recovered Inserted Cost:666
Buffers = 406
Splitters = 260
Total Time: 12.335052967071533 seconds 
Time in phase assignment 0.2283327579498291 
Time in tree construction 11.806634426116943 



Parsed Circuit c1908 has gate count 289
Solving Initial Levels with 25289 constraints
No Improvement Found in Iteration 4 at cost 653
Inserting Buffers
Network is Appropriately Balanced
Recovered Inserted Cost:653
Buffers = 467
Splitters = 186
Total Time: 14.716428995132446 seconds 
Time in phase assignment 0.3694298267364502 
Time in tree construction 13.634737014770508 



Parsed Circuit c2670 has gate count 368
Solving Initial Levels with 89357 constraints
No Improvement Found in Iteration 3 at cost 892
Inserting Buffers
Network is Appropriately Balanced
Recovered Inserted Cost:892
Buffers = 718
Splitters = 174
Total Time: 21.598817825317383 seconds 
Time in phase assignment 1.1523618698120117 
Time in tree construction 18.271867990493774 


Parameters
Phases:8
Maximum Phase Skips:1
Splitter Fanout Limit:4


Summary of Results
Benchmark | Total Buffer/Splitter Cost
c432  |  416
c499  |  665
c880  |  739
c1355  |  666
c1908  |  653
c2670  |  892
